2021-02-20 15:15:59,904 [Worker-2: Loading available Gradle versions] INFO  o.e.b.c.i.u.g.PublishedGradleVersions - Gradle version information cache is not available. Remote download required.
2021-02-20 17:10:23,994 [Worker-3: Loading available Gradle versions] INFO  o.e.b.c.i.u.g.PublishedGradleVersions - Gradle version information cache is up-to-date. Trying to read.
2021-02-20 18:29:29,919 [Worker-6: Loading available Gradle versions] INFO  o.e.b.c.i.u.g.PublishedGradleVersions - Gradle version information cache is up-to-date. Trying to read.
2021-02-20 18:37:27,377 [Worker-2: Loading available Gradle versions] INFO  o.e.b.c.i.u.g.PublishedGradleVersions - Gradle version information cache is up-to-date. Trying to read.
2021-02-21 14:29:49,595 [Worker-3: Loading available Gradle versions] INFO  o.e.b.c.i.u.g.PublishedGradleVersions - Gradle version information cache is up-to-date. Trying to read.
2021-02-21 18:06:02,743 [Start Help Server] INFO  org.eclipse.jetty.util.log - Logging initialized @12986986ms to org.eclipse.jetty.util.log.Slf4jLog
2021-02-21 18:06:02,885 [Start Help Server] INFO  org.eclipse.jetty.server.Server - jetty-9.4.29.v20200521; built: 2020-05-27T11:26:53.365Z; git: 77c232aed8a45c818fd27232278d9f95a021095e; jvm 1.8.0_271-b09
2021-02-21 18:06:02,905 [Start Help Server] INFO  org.eclipse.jetty.server.session - DefaultSessionIdManager workerName=node0
2021-02-21 18:06:02,905 [Start Help Server] INFO  org.eclipse.jetty.server.session - No SessionScavenger set, using defaults
2021-02-21 18:06:02,906 [Start Help Server] INFO  org.eclipse.jetty.server.session - node0 Scavenging every 600000ms
2021-02-21 18:06:02,929 [Start Help Server] INFO  o.e.j.server.handler.ContextHandler - Started o.e.j.s.ServletContextHandler@6b60f79b{/help,null,AVAILABLE}
2021-02-21 18:06:02,947 [Start Help Server] INFO  o.e.jetty.server.AbstractConnector - Started ServerConnector@a04e118{HTTP/1.1, (http/1.1)}{127.0.0.1:61003}
2021-02-21 18:06:02,947 [Start Help Server] INFO  org.eclipse.jetty.server.Server - Started @12987191ms
2021-02-21 18:06:02,947 [Start Help Server] INFO  org.eclipse.jetty.server.session - node0 Scavenging every 600000ms
2021-02-21 18:19:28,250 [Stop Help Server] INFO  o.e.jetty.server.AbstractConnector - Stopped ServerConnector@a04e118{HTTP/1.1, (http/1.1)}{127.0.0.1:0}
2021-02-21 18:19:28,250 [Stop Help Server] INFO  org.eclipse.jetty.server.session - node0 Stopped scavenging
2021-02-21 18:19:28,273 [Stop Help Server] INFO  o.e.j.server.handler.ContextHandler - Stopped o.e.j.s.ServletContextHandler@6b60f79b{/help,null,UNAVAILABLE}
2021-02-21 18:19:48,629 [Worker-2: Loading available Gradle versions] INFO  o.e.b.c.i.u.g.PublishedGradleVersions - Gradle version information cache is out-of-date. Trying to update.
2021-02-27 14:41:36,595 [Worker-2: Loading available Gradle versions] INFO  o.e.b.c.i.u.g.PublishedGradleVersions - Gradle version information cache is up-to-date. Trying to read.
2021-02-28 14:36:51,354 [Worker-4: Loading available Gradle versions] INFO  o.e.b.c.i.u.g.PublishedGradleVersions - Gradle version information cache is up-to-date. Trying to read.
